
> node-starter@0.0.0 start
> npm run build:ui && node index.js


> node-starter@0.0.0 build:ui
> npm run build --prefix angular-ui


> angular-ui@0.0.0 build
> ng build

❯ Building...
✔ Building...
Initial chunk files   | Names         |  Raw size | Estimated transfer size
main-3FGIUFVL.js      | main          | 356.17 kB |                93.06 kB
polyfills-B6TNHZQ6.js | polyfills     |  34.58 kB |                11.32 kB
styles-4CAG5XGS.css   | styles        |   1.17 kB |               479 bytes

                      | Initial total | 391.92 kB |               104.86 kB

Application bundle generation complete. [3.830 seconds]

[33m▲ [43;33m[[43;30mWARNING[43;33m][0m [1mTS-998113: RouterOutlet is not used within the template of AppComponent[0m [1m[35m[plugin angular-compiler][0m

    src/app/app.ts:10:12:
[37m      10 │   imports: [[32mRouterOutlet[37m, TodoListComponent, TodoAddComponent],
         ╵             [32m~~~~~~~~~~~~[0m


Output location: /app/angular-ui/dist/angular-ui

node:internal/modules/cjs/loader:1386
  throw err;
  ^

Error: Cannot find module 'express'
Require stack:
- /app/index.js
    at Function._resolveFilename (node:internal/modules/cjs/loader:1383:15)
    at defaultResolveImpl (node:internal/modules/cjs/loader:1025:19)
    at resolveForCJSWithHooks (node:internal/modules/cjs/loader:1030:22)
    at Function._load (node:internal/modules/cjs/loader:1192:37)
    at TracingChannel.traceSync (node:diagnostics_channel:328:14)
    at wrapModuleLoad (node:internal/modules/cjs/loader:237:24)
    at Module.require (node:internal/modules/cjs/loader:1463:12)
    at require (node:internal/modules/helpers:147:16)
    at Object.<anonymous> (/app/index.js:1:17)
    at Module._compile (node:internal/modules/cjs/loader:1706:14) {
  code: 'MODULE_NOT_FOUND',
  requireStack: [ '/app/index.js' ]
}

Node.js v22.21.1
